0 info it worked if it ends with ok
1 verbose cli [ 'node', '/usr/bin/npm', 'install', 'angular-signalr-hub' ]
2 info using npm@3.3.12
3 info using node@v0.10.37
4 verbose node symlink /usr/bin/node
5 verbose type called_non_callable
6 verbose stack TypeError: undefined is not a function
6 verbose stack     at autoinit (/usr/lib/node_modules/npm-autoinit/autoinit.js:8:3)
6 verbose stack     at Object.<anonymous> (/usr/lib/node_modules/npm-autoinit/autoinit.js:23:3)
6 verbose stack     at Module._compile (module.js:456:26)
6 verbose stack     at Object.Module._extensions..js (module.js:474:10)
6 verbose stack     at Module.load (module.js:356:32)
6 verbose stack     at Function.Module._load (module.js:312:12)
6 verbose stack     at Module.require (module.js:364:17)
6 verbose stack     at require (module.js:380:17)
6 verbose stack     at cb (/usr/lib/node_modules/npm/lib/npm.js:288:9)
6 verbose stack     at /usr/lib/node_modules/npm/lib/npm.js:384:16
7 verbose cwd /home/baldurarge/Documents/TheApp/TheApp/ss/Frodi
8 error Linux 3.19.0-33-generic
9 error argv "node" "/usr/bin/npm" "install" "angular-signalr-hub"
10 error node v0.10.37
11 error npm  v3.3.12
12 error undefined is not a function
13 error If you need help, you may report this error at:
13 error     <https://github.com/npm/npm/issues>
14 verbose exit [ 1, true ]
